<?xml version="1.0" encoding="UTF-8"?>
<testsuite name="ir.ac.ui.eng.ACOHandwrittenTest" tests="5" skipped="0" failures="1" errors="0" timestamp="2018-06-24T14:55:25" hostname="Samaneh-PC" time="0.338">
  <properties/>
  <testcase name="test_01" classname="ir.ac.ui.eng.ACOHandwrittenTest" time="0.162"/>
  <testcase name="test_02" classname="ir.ac.ui.eng.ACOHandwrittenTest" time="0.028"/>
  <testcase name="test_03" classname="ir.ac.ui.eng.ACOHandwrittenTest" time="0.035"/>
  <testcase name="test_04" classname="ir.ac.ui.eng.ACOHandwrittenTest" time="0.033"/>
  <testcase name="test_05" classname="ir.ac.ui.eng.ACOHandwrittenTest" time="0.078">
    <failure message="java.lang.AssertionError: Did not find match of assignment: configA0 on r0 for request0" type="java.lang.AssertionError">java.lang.AssertionError: Did not find match of assignment: configA0 on r0 for request0
	at org.junit.Assert.fail(Assert.java:88)
	at de.tudresden.inf.st.mquat.solving.HandwrittenTestSuite.assertAssignment(HandwrittenTestSuite.java:66)
	at de.tudresden.inf.st.mquat.solving.HandwrittenTestSuite.test_05(HandwrittenTestSuite.java:140)
	at sun.reflect.NativeMethodAccessorImpl.invoke0(Native Method)
	at sun.reflect.NativeMethodAccessorImpl.invoke(NativeMethodAccessorImpl.java:62)
	at sun.reflect.DelegatingMethodAccessorImpl.invoke(DelegatingMethodAccessorImpl.java:43)
	at java.lang.reflect.Method.invoke(Method.java:497)
	at org.junit.runners.model.FrameworkMethod$1.runReflectiveCall(FrameworkMethod.java:50)
	at org.junit.internal.runners.model.ReflectiveCallable.run(ReflectiveCallable.java:12)
	at org.junit.runners.model.FrameworkMethod.invokeExplosively(FrameworkMethod.java:47)
	at org.junit.internal.runners.statements.InvokeMethod.evaluate(InvokeMethod.java:17)
	at org.junit.internal.runners.statements.RunBefores.evaluate(RunBefores.java:26)
	at org.junit.rules.Verifier$1.evaluate(Verifier.java:35)
	at org.junit.rules.RunRules.evaluate(RunRules.java:20)
	at org.junit.runners.ParentRunner.runLeaf(ParentRunner.java:325)
	at org.junit.runners.BlockJUnit4ClassRunner.runChild(BlockJUnit4ClassRunner.java:78)
	at org.junit.runners.BlockJUnit4ClassRunner.runChild(BlockJUnit4ClassRunner.java:57)
	at org.junit.runners.ParentRunner$3.run(ParentRunner.java:290)
	at org.junit.runners.ParentRunner$1.schedule(ParentRunner.java:71)
	at org.junit.runners.ParentRunner.runChildren(ParentRunner.java:288)
	at org.junit.runners.ParentRunner.access$000(ParentRunner.java:58)
	at org.junit.runners.ParentRunner$2.evaluate(ParentRunner.java:268)
	at org.junit.internal.runners.statements.RunBefores.evaluate(RunBefores.java:26)
	at org.junit.runners.ParentRunner.run(ParentRunner.java:363)
	at org.gradle.api.internal.tasks.testing.junit.JUnitTestClassExecuter.runTestClass(JUnitTestClassExecuter.java:114)
	at org.gradle.api.internal.tasks.testing.junit.JUnitTestClassExecuter.execute(JUnitTestClassExecuter.java:57)
	at org.gradle.api.internal.tasks.testing.junit.JUnitTestClassProcessor.processTestClass(JUnitTestClassProcessor.java:66)
	at org.gradle.api.internal.tasks.testing.SuiteTestClassProcessor.processTestClass(SuiteTestClassProcessor.java:51)
	at sun.reflect.NativeMethodAccessorImpl.invoke0(Native Method)
	at sun.reflect.NativeMethodAccessorImpl.invoke(NativeMethodAccessorImpl.java:62)
	at sun.reflect.DelegatingMethodAccessorImpl.invoke(DelegatingMethodAccessorImpl.java:43)
	at java.lang.reflect.Method.invoke(Method.java:497)
	at org.gradle.internal.dispatch.ReflectionDispatch.dispatch(ReflectionDispatch.java:35)
	at org.gradle.internal.dispatch.ReflectionDispatch.dispatch(ReflectionDispatch.java:24)
	at org.gradle.internal.dispatch.ContextClassLoaderDispatch.dispatch(ContextClassLoaderDispatch.java:32)
	at org.gradle.internal.dispatch.ProxyDispatchAdapter$DispatchingInvocationHandler.invoke(ProxyDispatchAdapter.java:93)
	at com.sun.proxy.$Proxy3.processTestClass(Unknown Source)
	at org.gradle.api.internal.tasks.testing.worker.TestWorker.processTestClass(TestWorker.java:109)
	at sun.reflect.NativeMethodAccessorImpl.invoke0(Native Method)
	at sun.reflect.NativeMethodAccessorImpl.invoke(NativeMethodAccessorImpl.java:62)
	at sun.reflect.DelegatingMethodAccessorImpl.invoke(DelegatingMethodAccessorImpl.java:43)
	at java.lang.reflect.Method.invoke(Method.java:497)
	at org.gradle.internal.dispatch.ReflectionDispatch.dispatch(ReflectionDispatch.java:35)
	at org.gradle.internal.dispatch.ReflectionDispatch.dispatch(ReflectionDispatch.java:24)
	at org.gradle.internal.remote.internal.hub.MessageHub$Handler.run(MessageHub.java:377)
	at org.gradle.internal.concurrent.ExecutorPolicy$CatchAndRecordFailures.onExecute(ExecutorPolicy.java:54)
	at org.gradle.internal.concurrent.StoppableExecutorImpl$1.run(StoppableExecutorImpl.java:40)
	at java.util.concurrent.ThreadPoolExecutor.runWorker(ThreadPoolExecutor.java:1142)
	at java.util.concurrent.ThreadPoolExecutor$Worker.run(ThreadPoolExecutor.java:617)
	at java.lang.Thread.run(Thread.java:745)
</failure>
  </testcase>
  <system-out><![CDATA[Loading model DSL file 'test_01.txt'.
19:25:25.351 INFO  i.a.u.e.ACOSolver - found a better solution with an objective of 292427.44.
19:25:25.351 INFO  i.a.u.e.ACOSolver - found a better solution with an objective of 292427.44.
19:25:25.355 INFO  i.a.u.e.ACOSolver - Number of total software solutions: 100
19:25:25.355 INFO  i.a.u.e.ACOSolver - Number of iterated software solutions: 21
19:25:25.356 INFO  i.a.u.e.ACOSolver - Number of iterated solutions: 20
19:25:25.356 INFO  i.a.u.e.ACOSolver - Number of correct solutions: 21
19:25:25.357 DEBUG d.t.i.s.m.s.HandwrittenTestSuite - Solution:
solution {
 request0 -> config_0i0m0 {
  compute_resource_0 -> r0 {
   cpu_1 -> cpu0_0
  }
  other -> config_1i0m0 {
   compute_resource_0 -> r1 {
    cpu_1 -> cpu1_0
   }
  }
 }
}

Loading model DSL file 'test_02.txt'.
19:25:25.388 INFO  i.a.u.e.ACOSolver - found a better solution with an objective of 292391.04.
19:25:25.390 INFO  i.a.u.e.ACOSolver - Number of total software solutions: 100
19:25:25.390 INFO  i.a.u.e.ACOSolver - Number of iterated software solutions: 26
19:25:25.391 INFO  i.a.u.e.ACOSolver - Number of iterated solutions: 25
19:25:25.391 INFO  i.a.u.e.ACOSolver - Number of correct solutions: 25
19:25:25.391 DEBUG d.t.i.s.m.s.HandwrittenTestSuite - Solution:
solution {
 request0 -> config_0i0m0 {
  compute_resource_0 -> r0 {
   cpu_1 -> cpu0_0
  }
  other -> config_1i0m0 {
   compute_resource_0 -> r1 {
    cpu_1 -> cpu1_0
   }
  }
 }
}

Loading model DSL file 'test_03.txt'.
19:25:25.418 INFO  i.a.u.e.ACOSolver - found a better solution with an objective of 324731.04.
19:25:25.425 INFO  i.a.u.e.ACOSolver - Number of total software solutions: 100
19:25:25.425 INFO  i.a.u.e.ACOSolver - Number of iterated software solutions: 17
19:25:25.425 INFO  i.a.u.e.ACOSolver - Number of iterated solutions: 17
19:25:25.426 INFO  i.a.u.e.ACOSolver - Number of correct solutions: 17
19:25:25.426 DEBUG d.t.i.s.m.s.HandwrittenTestSuite - Solution:
solution {
 request0 -> config_0i0m0 {
  compute_resource_0 -> r0 {
   cpu_1 -> cpu0_0
  }
  other -> config_1i0m0 {
   compute_resource_0 -> r1 {
    cpu_1 -> cpu1_0
   }
  }
 }
 request1 -> config_1i0m0 {
  compute_resource_0 -> r2 {
   cpu_1 -> cpu2_0
  }
 }
}

Loading model DSL file 'test_04.txt'.
19:25:25.455 INFO  i.a.u.e.ACOSolver - found a better solution with an objective of 375166.51999999996.
19:25:25.459 INFO  i.a.u.e.ACOSolver - Number of total software solutions: 100
19:25:25.459 INFO  i.a.u.e.ACOSolver - Number of iterated software solutions: 8
19:25:25.459 INFO  i.a.u.e.ACOSolver - Number of iterated solutions: 8
19:25:25.459 INFO  i.a.u.e.ACOSolver - Number of correct solutions: 8
19:25:25.460 DEBUG d.t.i.s.m.s.HandwrittenTestSuite - Solution:
solution {
 request0 -> config_0i0m0 {
  compute_resource_0 -> r0 {
   cpu_1 -> cpu0_0
  }
  alpha -> config_1i0m0 {
   compute_resource_0 -> r1 {
    cpu_1 -> cpu1_0
   }
  }
  beta -> config_2i0m0 {
   compute_resource_0 -> r2 {
    cpu_1 -> cpu2_0
   }
  }
 }
}

Loading model DSL file 'test_05.txt'.
19:25:25.520 INFO  i.a.u.e.ACOSolver - found a better solution with an objective of 396643.66.
19:25:25.522 INFO  i.a.u.e.ACOSolver - found a better solution with an objective of 396342.6599999999.
19:25:25.524 INFO  i.a.u.e.ACOSolver - found a better solution with an objective of 22699.660000000003.
19:25:25.526 INFO  i.a.u.e.ACOSolver - found a better solution with an objective of 21919.66.
19:25:25.519 INFO  i.a.u.e.ACOSolver - found a better solution with an objective of 397642.6599999999.
19:25:25.533 INFO  i.a.u.e.ACOSolver - Number of total software solutions: 100
19:25:25.533 INFO  i.a.u.e.ACOSolver - Number of iterated software solutions: 18
19:25:25.534 INFO  i.a.u.e.ACOSolver - Number of iterated solutions: 18
19:25:25.534 INFO  i.a.u.e.ACOSolver - Number of correct solutions: 18
19:25:25.535 DEBUG d.t.i.s.m.s.HandwrittenTestSuite - Solution:
solution {
 request0 -> configA0 {
  compute_resource_0 -> r3 {
   cpu_1 -> cpu0_0
  }
  beta -> configB0 {
   compute_resource_0 -> r1 {
    cpu_1 -> cpu1_0
   }
   chi -> configC0 {
    compute_resource_0 -> r4 {
     cpu_1 -> cpu0_0
    }
   }
   delta -> configD0 {
    compute_resource_0 -> r6 {
     cpu_1 -> cpu0_0
    }
   }
  }
  epsilon -> configE0 {
   compute_resource_0 -> r2 {
    cpu_1 -> cpu2_0
   }
   phi -> configF0 {
    compute_resource_0 -> r5 {
     cpu_1 -> cpu0_0
    }
   }
   gamma -> configG0 {
    compute_resource_0 -> r0 {
     cpu_1 -> cpu0_0
    }
   }
  }
 }
}

]]></system-out>
  <system-err><![CDATA[]]></system-err>
</testsuite>
